Flutter crash report.
Please report a bug at https://github.com/flutter/flutter/issues.

## command

flutter run --machine --target lib/main.dart -d 192.168.7.80:5555 --dart-define=flutter.inspector.structuredErrors=true --start-paused --web-server-debug-protocol ws --web-allow-expose-url --devtools-server-address http://127.0.0.1:9100/

## exception

StateError: Bad state: No element

```
#0      List.first (dart:core-patch/growable_array.dart:332:5)
#1      ResidentRunner.invokeFlutterExtensionRpcRawOnFirstIsolate (package:flutter_tools/src/resident_runner.dart:862:12)
<asynchronous suspension>
```

## flutter doctor

```
[✓] Flutter (Channel stable, 2.0.5, on Linux, locale en_US.UTF-8)
    • Flutter version 2.0.5 at /home/guilherme/development/flutter
    • Framework revision adc687823a (3 weeks ago), 2021-04-16 09:40:20 -0700
    • Engine revision b09f014e96
    • Dart version 2.12.3

[✓] Android toolchain - develop for Android devices (Android SDK version 30.0.3)
    • Android SDK at /home/guilherme/Android/Sdk
    • Platform android-30, build-tools 30.0.3
    • ANDROID_HOME = /home/guilherme/Android/Sdk
    • Java binary at: /home/guilherme/android-studio/jre/bin/java
    • Java version OpenJDK Runtime Environment (build 1.8.0_242-release-1644-b3-6222593)
    • All Android licenses accepted.

[✓] Chrome - develop for the web
    • Chrome at google-chrome

[✓] Android Studio
    • Android Studio at /home/guilherme/android-studio
    • Flutter plugin can be installed from:
      🔨 https://plugins.jetbrains.com/plugin/9212-flutter
    • Dart plugin can be installed from:
      🔨 https://plugins.jetbrains.com/plugin/6351-dart
    • Java version OpenJDK Runtime Environment (build 1.8.0_242-release-1644-b3-6222593)

[✓] VS Code (version 1.54.3)
    • VS Code at /usr/share/code
    • Flutter extension version 3.22.0

[✓] Connected device (2 available)
    • Moto G 5 (mobile) • 192.168.7.80:5555 • android-arm    • Android 8.1.0 (API 27)
    • Chrome (web)      • chrome            • web-javascript • Google Chrome 89.0.4389.90

• No issues found!
```
